<?xml version="1.0" encoding="UTF-8"?>
<!-- Generated by org.testng.reporters.JUnitReportReporter -->
<testsuite hostname="JOYSTON" failures="0" tests="1" name="sample.TestScript34Test" time="0.012" errors="0" timestamp="2023-11-27T16:23:24 IST" skipped="0">
  <testcase classname="sample.TestScript34Test" name="ts4" time="0.012"/>
  <system-out/>
</testsuite> <!-- sample.TestScript34Test -->
