<?xml version="1.0" encoding="UTF-8"?>
<!-- Generated by org.testng.reporters.JUnitReportReporter -->
<testsuite hostname="JOYSTON" failures="0" tests="1" name="sample.TestScript12Test" time="0.002" errors="0" timestamp="2023-11-27T16:23:24 IST" skipped="0">
  <testcase classname="sample.TestScript12Test" name="ts2" time="0.002"/>
  <system-out/>
</testsuite> <!-- sample.TestScript12Test -->
